<?xml version="1.0" encoding="UTF-8" ?>
<testsuite errors="0" failures="0" hostname="nbunix" name="circle.CircleMethodTest" skipped="0" tests="14" time="0.079" timestamp="2025-02-13T10:39:39">
  <properties>
    <property name="libs.jsp-compiler.javadoc" value="" />
    <property name="netbeans.autoupdate.country" value="US" />
    <property name="libs.jakartaee-web-api-8.0.src" value="" />
    <property name="nb.wait.for.caches" value="true" />
    <property name="libs.graaljs.maven-pom" value="" />
    <property name="javac.test.classpath" value=":build/classes:/usr/lib/apache-netbeans/platform/modules/ext/junit-4.13.2.jar:/usr/lib/apache-netbeans/platform/modules/ext/hamcrest-core-1.3.jar" />
    <property name="libs.jsf20.maven-pom" value="" />
    <property name="javac.test.sourcepath" value="/home/vlada/NetBeansProjects/PW2/build/empty" />
    <property name="maven.defaultProjectBuilder.disableGlobalModelCache" value="true" />
    <property name="ant.core.lib" value="/usr/lib/apache-netbeans/extide/ant/lib/ant.jar" />
    <property name="javadoc.windowtitle" value="" />
    <property name="libs.jsp-compilation.javadoc" value="" />
    <property name="user.dir" value="/home/vlada/NetBeansProjects/PW2" />
    <property name="libs.javaee-api-7.0.src" value="" />
    <property name="java.vm.version" value="25.441-b07" />
    <property name="libs.jakartaee-web-api-8.0.maven-pom" value="" />
    <property name="libs.eclipselinkmodelgen.src" value="" />
    <property name="jlink.additionalmodules" value="" />
    <property name="javadoc.notree" value="false" />
    <property name="netbeans.autoupdate.version" value="1.23" />
    <property name="netbeans.running.environment" value="kde" />
    <property name="libs.javaee-web-api-6.0.classpath" value="/usr/lib/apache-netbeans/enterprise/modules/ext/javaee-web-api-6.0.jar" />
    <property name="javac.profile.cmd.line.arg" value="" />
    <property name="jdk.home" value="/usr/lib/jvm/temurin-21-jdk-amd64" />
    <property name="javadoc.noindex" value="false" />
    <property name="sun.os.patch.level" value="unknown" />
    <property name="do.archive+manifest.available" value="true" />
    <property name="java.vm.specification.name" value="Java Virtual Machine Specification" />
    <property name="netbeans.autoupdate.variant" value="" />
    <property name="have.tests" value="true" />
    <property name="org.xml.sax.driver" value="com.sun.org.apache.xerces.internal.jaxp.SAXParserImpl$JAXPSAXParser" />
    <property name="libs.hamcrest.classpath" value="/usr/lib/apache-netbeans/platform/modules/ext/hamcrest-core-1.3.jar" />
    <property name="os.name" value="Linux" />
    <property name="libs.jakartaee-web-api-9.0.javadoc" value="/usr/lib/apache-netbeans/enterprise/docs/jakartaee9-doc-api.jar" />
    <property name="java.specification.maintenance.version" value="6" />
    <property name="libs.javaee-endorsed-api-7.0.maven-pom" value="" />
    <property name="ap.proc.none.internal" value="" />
    <property name="libs.restapi.javadoc" value="" />
    <property name="libs.JWSAntTasks.maven-pom" value="" />
    <property name="libs.jstl.classpath" value="/usr/lib/apache-netbeans/enterprise/modules/ext/jstl-impl.jar:/usr/lib/apache-netbeans/enterprise/modules/ext/jstl-api.jar" />
    <property name="libs.testng.src" value="" />
    <property name="libs.jakartaee-web-api-11.0.javadoc" value="/usr/lib/apache-netbeans/enterprise/docs/jakartaee11-doc-api.jar" />
    <property name="libs.restapi.classpath" value="/usr/lib/apache-netbeans/enterprise/modules/ext/jaxrs-2.1/jakarta.ws.rs-api-2.1.6.jar" />
    <property name="java.vendor.url.bug" value="http://bugreport.sun.com/bugreport/" />
    <property name="libs.jaxb.maven-pom" value="" />
    <property name="os.arch" value="amd64" />
    <property name="libs.eclipselink.src" value="" />
    <property name="user.name" value="vlada" />
    <property name="copylibs.rebase" value="true" />
    <property name="libs.spring-webmvc5.0.javadoc" value="" />
    <property name="libs.spring-framework500.classpath" value="/usr/lib/apache-netbeans/platform/modules/org-apache-commons-logging.jar:/usr/lib/apache-netbeans/java/modules/ext/cglib-2.2.jar:/usr/lib/apache-netbeans/java/modules/ext/spring-5/spring-aop-5.3.31.jar:/usr/lib/apache-netbeans/java/modules/ext/spring-5/spring-aspects-5.3.31.jar:/usr/lib/apache-netbeans/java/modules/ext/spring-5/spring-beans-5.3.31.jar:/usr/lib/apache-netbeans/java/modules/ext/spring-5/spring-context-5.3.31.jar:/usr/lib/apache-netbeans/java/modules/ext/spring-5/spring-context-indexer-5.3.31.jar:/usr/lib/apache-netbeans/java/modules/ext/spring-5/spring-context-support-5.3.31.jar:/usr/lib/apache-netbeans/java/modules/ext/spring-5/spring-core-5.3.31.jar:/usr/lib/apache-netbeans/java/modules/ext/spring-5/spring-expression-5.3.31.jar:/usr/lib/apache-netbeans/java/modules/ext/spring-5/spring-instrument-5.3.31.jar:/usr/lib/apache-netbeans/java/modules/ext/spring-5/spring-jcl-5.3.31.jar:/usr/lib/apache-netbeans/java/modules/ext/spring-5/spring-jdbc-5.3.31.jar:/usr/lib/apache-netbeans/java/modules/ext/spring-5/spring-jms-5.3.31.jar:/usr/lib/apache-netbeans/java/modules/ext/spring-5/spring-messaging-5.3.31.jar:/usr/lib/apache-netbeans/java/modules/ext/spring-5/spring-orm-5.3.31.jar:/usr/lib/apache-netbeans/java/modules/ext/spring-5/spring-oxm-5.3.31.jar:/usr/lib/apache-netbeans/java/modules/ext/spring-5/spring-test-5.3.31.jar:/usr/lib/apache-netbeans/java/modules/ext/spring-5/spring-tx-5.3.31.jar:/usr/lib/apache-netbeans/java/modules/ext/spring-5/spring-web-5.3.31.jar:/usr/lib/apache-netbeans/java/modules/ext/spring-5/spring-webflux-5.3.31.jar:/usr/lib/apache-netbeans/java/modules/ext/spring-5/spring-webmvc-5.3.31.jar:/usr/lib/apache-netbeans/java/modules/ext/spring-5/spring-websocket-5.3.31.jar" />
    <property name="sun.java.command" value="org.apache.tools.ant.taskdefs.optional.junit.JUnitTestRunner circle.CircleMethodTest skipNonTests=false filtertrace=true haltOnError=false haltOnFailure=false showoutput=true outputtoformatters=true logfailedtests=true threadid=0 logtestlistenerevents=true formatter=org.apache.tools.ant.taskdefs.optional.junit.BriefJUnitResultFormatter formatter=org.apache.tools.ant.taskdefs.optional.junit.XMLJUnitResultFormatter,/home/vlada/NetBeansProjects/PW2/build/test/results/TEST-circle.CircleMethodTest.xml crashfile=/home/vlada/NetBeansProjects/PW2/build/junitvmwatcher873990598909854251.properties propsfile=/home/vlada/NetBeansProjects/PW2/build/junit8874948763524443735.properties" />
    <property name="build.classes.dir" value="build/classes" />
    <property name="build.sysclasspath" value="ignore" />
    <property name="manifest.encoding" value="UTF-8" />
    <property name="ap.supported.internal" value="true" />
    <property name="java.failonerror" value="true" />
    <property name="libs.javaee-api-8.0.maven-pom" value="" />
    <property name="run.modulepath" value="" />
    <property name="libs.javaee-endorsed-api-7.0.javadoc" value="/usr/lib/apache-netbeans/enterprise/docs/javaee-doc-api.jar" />
    <property name="libs.jaxws21.javadoc" value="/usr/lib/apache-netbeans/java/docs/jaxws-api-doc.zip" />
    <property name="jdk.debug" value="release" />
    <property name="includes" value="**" />
    <property name="user.country" value="US" />
    <property name="manifest.file" value="manifest.mf" />
    <property name="javadoc.encoding" value="UTF-8" />
    <property name="platform.home" value="/usr/lib/jvm/jdk1.8.0_441" />
    <property name="javac.classpath" value="" />
    <property name="libs.jsp-compilation-syscp.src" value="" />
    <property name="libs.jakartaee-web-api-11.0.classpath" value="/usr/lib/apache-netbeans/enterprise/modules/ext/jakarta.jakartaee-web-api-11.0.0.jar" />
    <property name="platform.bootcp" value="/usr/lib/jvm/jdk1.8.0_441/jre/lib/resources.jar:/usr/lib/jvm/jdk1.8.0_441/jre/lib/rt.jar:/usr/lib/jvm/jdk1.8.0_441/jre/lib/jsse.jar:/usr/lib/jvm/jdk1.8.0_441/jre/lib/jce.jar:/usr/lib/jvm/jdk1.8.0_441/jre/lib/charsets.jar:/usr/lib/jvm/jdk1.8.0_441/jre/lib/jfr.jar:/usr/lib/jvm/jdk1.8.0_441/jre/classes:/usr/lib/jvm/jdk1.8.0_441/jre/lib/ext/dnsns.jar:/usr/lib/jvm/jdk1.8.0_441/jre/lib/ext/jaccess.jar:/usr/lib/jvm/jdk1.8.0_441/jre/lib/ext/sunec.jar:/usr/lib/jvm/jdk1.8.0_441/jre/lib/ext/jfxrt.jar:/usr/lib/jvm/jdk1.8.0_441/jre/lib/ext/sunjce_provider.jar:/usr/lib/jvm/jdk1.8.0_441/jre/lib/ext/nashorn.jar:/usr/lib/jvm/jdk1.8.0_441/jre/lib/ext/sunpkcs11.jar:/usr/lib/jvm/jdk1.8.0_441/jre/lib/ext/localedata.jar:/usr/lib/jvm/jdk1.8.0_441/jre/lib/ext/cldrdata.jar:/usr/lib/jvm/jdk1.8.0_441/jre/lib/ext/zipfs.jar" />
    <property name="debug-transport" value="dt_socket" />
    <property name="netbeans.home" value="/usr/lib/apache-netbeans/platform" />
    <property name="build.compiler.emacs" value="true" />
    <property name="libs.javaee-web-api-6.0.src" value="" />
    <property name="libs.jakartaee-api-10.0.src" value="" />
    <property name="libs.jsp-compilation-syscp.classpath" value="/usr/lib/apache-netbeans/extide/ant/lib/ant.jar:/usr/lib/apache-netbeans/enterprise/modules/ext/servlet4.0-jsp2.3-api.jar:/usr/lib/apache-netbeans/enterprise/modules/ext/glassfish-jspparser-5.1.0.jar:/usr/lib/apache-netbeans/enterprise/modules/ext/jstl-impl.jar:/usr/lib/apache-netbeans/enterprise/modules/ext/jsf-2_2/javax.faces.jar" />
    <property name="javac.modulepath" value="" />
    <property name="java.endorsed.dirs" value="/usr/lib/jvm/jdk1.8.0_441/jre/lib/endorsed" />
    <property name="awt.useSystemAAFontSettings" value="lcd_hrgb" />
    <property name="libs.groovy-all.src" value="" />
    <property name="libs.junit_5.src" value="/usr/lib/apache-netbeans/platform/docs/junit-jupiter-api-5.10.3-sources.jar:/usr/lib/apache-netbeans/platform/docs/junit-jupiter-params-5.10.3-sources.jar:/usr/lib/apache-netbeans/platform/docs/junit-jupiter-engine-5.10.3-sources.jar" />
    <property name="libs.jakartaee-api-8.0.classpath" value="/usr/lib/apache-netbeans/enterprise/modules/ext/jakarta.jakartaee-api-8.0.0.jar" />
    <property name="netbeans.dynamic.classpath" value="/usr/lib/apache-netbeans/platform/core/org-openide-filesystems.jar:/usr/lib/apache-netbeans/platform/core/core-base.jar:/usr/lib/apache-netbeans/platform/core/asm-9.7.1.jar:/usr/lib/apache-netbeans/platform/core/org-netbeans-libs-asm.jar:/usr/lib/apache-netbeans/platform/core/asm-commons-9.7.1.jar:/usr/lib/apache-netbeans/platform/core/asm-tree-9.7.1.jar:/usr/lib/apache-netbeans/platform/core/org-openide-filesystems-compat8.jar:/usr/lib/apache-netbeans/platform/core/core.jar:/usr/lib/apache-netbeans/nb/core/org-netbeans-upgrader.jar:/usr/lib/apache-netbeans/nb/core/locale/core_nb.jar" />
    <property name="java.vm.specification.version" value="1.8" />
    <property name="plugin.manager.check.updates" value="false" />
    <property name="libs.primefaces.classpath" value="/usr/lib/apache-netbeans/enterprise/modules/ext/primefaces/primefaces-5.0.jar" />
    <property name="libs.javaee-api-6.0.classpath" value="/usr/lib/apache-netbeans/enterprise/modules/ext/javaee-api-6.0.jar" />
    <property name="libs.groovy-all.maven-pom" value="" />
    <property name="netbeans.productversion" value="Apache NetBeans IDE 24" />
    <property name="libs.jaxws21.src" value="" />
    <property name="application.title" value="PW2" />
    <property name="do.archive" value="true" />
    <property name="libs.spring-webmvc5.0.classpath" value="/usr/lib/apache-netbeans/java/modules/ext/spring-5/spring-webmvc-5.3.31.jar" />
    <property name="netbeans.autoupdate.language" value="en" />
    <property name="java.vendor" value="Oracle Corporation" />
    <property name="libs.javaee-api-6.0.javadoc" value="/usr/lib/apache-netbeans/enterprise/docs/javaee-doc-api.jar" />
    <property name="jar.index.metainf" value="false" />
    <property name="libs.jakartaee-api-11.0.classpath" value="/usr/lib/apache-netbeans/enterprise/modules/ext/jakarta.jakartaee-api-11.0.0.jar" />
    <property name="javac.debug" value="true" />
    <property name="javadoc.splitindex" value="true" />
    <property name="file.separator" value="/" />
    <property name="libs.junit_4.maven-pom" value="" />
    <property name="mkdist.disabled" value="false" />
    <property name="javac.test.processorpath" value=":build/classes:/usr/lib/apache-netbeans/platform/modules/ext/junit-4.13.2.jar:/usr/lib/apache-netbeans/platform/modules/ext/hamcrest-core-1.3.jar" />
    <property name="netbeans.buildnumber" value="24-6308a54f5ac18a75f460d86cc9bb8d4cc7213564" />
    <property name="libs.JWSAntTasks.javadoc" value="" />
    <property name="build.generated.sources.dir" value="build/generated-sources" />
    <property name="libs.eclipselinkmodelgen.classpath" value="/usr/lib/apache-netbeans/java/modules/ext/eclipselink/org.eclipse.persistence.jpa.modelgen.processor-2.7.12.jar" />
    <property name="libs.javaee-endorsed-api-7.0.src" value="" />
    <property name="sun.java.launcher" value="SUN_STANDARD" />
    <property name="libs.jaxb.javadoc" value="/usr/lib/apache-netbeans/ide/docs/jaxb-api-doc.jar" />
    <property name="org.openide.awt.SwingBrowserImpl.do-not-block-awt" value="false" />
    <property name="ant.home" value="/usr/lib/apache-netbeans/extide/ant" />
    <property name="libs.junit_4.src" value="/usr/lib/apache-netbeans/platform/docs/junit-4.13.2-sources.jar" />
    <property name="apple.awt.application.appearance" value="system" />
    <property name="libs.testng.classpath" value="/usr/lib/apache-netbeans/platform/modules/ext/testng-6.14.3.jar:/usr/lib/apache-netbeans/platform/modules/ext/jcommander-1.78.jar" />
    <property name="libs.absolutelayout.maven-pom" value="" />
    <property name="ant.java.version" value="21" />
    <property name="java.library.path" value="/usr/java/packages/lib/amd64:/usr/lib64:/lib64:/lib:/usr/lib" />
    <property name="javadoc.author" value="false" />
    <property name="libs.metro.maven-pom" value="" />
    <property name="java.util.logging.config.class" value="org.netbeans.core.startup.TopLogging" />
    <property name="libs.PostgreSQLDriver.src" value="" />
    <property name="libs.graaljs.javadoc" value="" />
    <property name="libs.jakartaee-web-api-9.0.maven-pom" value="" />
    <property name="libs.jakartaee-api-10.0.classpath" value="/usr/lib/apache-netbeans/enterprise/modules/ext/jakarta.jakartaee-api-10.0.0.jar" />
    <property name="libs.spring-framework500.javadoc" value="" />
    <property name="libs.graaljs.src" value="" />
    <property name="sun.arch.data.model" value="64" />
    <property name="basedir" value="/home/vlada/NetBeansProjects/PW2" />
    <property name="libs.jpa20-persistence.maven-pom" value="" />
    <property name="jar.compress" value="false" />
    <property name="libs.javaee-web-api-7.0.classpath" value="/usr/lib/apache-netbeans/enterprise/modules/ext/javaee-web-api-7.0.jar" />
    <property name="path.separator" value=":" />
    <property name="libs.javaee-web-api-6.0.javadoc" value="/usr/lib/apache-netbeans/enterprise/docs/javaee-doc-api.jar" />
    <property name="ant.junit.enabletestlistenerevents" value="true" />
    <property name="platform.javac" value="/usr/lib/jvm/jdk1.8.0_441/bin/javac" />
    <property name="sun.io.unicode.encoding" value="UnicodeLittle" />
    <property name="libs.jaxws21.classpath" value="/usr/lib/apache-netbeans/java/modules/ext/jaxws22/api/jakarta.jws-api.jar:/usr/lib/apache-netbeans/java/modules/ext/jaxws22/api/jakarta.xml.soap-api.jar:/usr/lib/apache-netbeans/java/modules/ext/jaxws22/api/jakarta.xml.ws-api.jar:/usr/lib/apache-netbeans/java/modules/ext/jaxws22/FastInfoset.jar:/usr/lib/apache-netbeans/java/modules/ext/jaxws22/gmbal-api-only.jar:/usr/lib/apache-netbeans/java/modules/ext/jaxws22/ha-api.jar:/usr/lib/apache-netbeans/java/modules/ext/jaxws22/jakarta.mail.jar:/usr/lib/apache-netbeans/java/modules/ext/jaxws22/jaxws-rt.jar:/usr/lib/apache-netbeans/java/modules/ext/jaxws22/jaxws-tools.jar:/usr/lib/apache-netbeans/java/modules/ext/jaxws22/management-api.jar:/usr/lib/apache-netbeans/java/modules/ext/jaxws22/mimepull.jar:/usr/lib/apache-netbeans/java/modules/ext/jaxws22/policy.jar:/usr/lib/apache-netbeans/java/modules/ext/jaxws22/saaj-impl.jar:/usr/lib/apache-netbeans/java/modules/ext/jaxws22/stax-ex.jar:/usr/lib/apache-netbeans/java/modules/ext/jaxws22/stax2-api.jar:/usr/lib/apache-netbeans/java/modules/ext/jaxws22/streambuffer.jar:/usr/lib/apache-netbeans/java/modules/ext/jaxws22/woodstox-core.jar:/usr/lib/apache-netbeans/ide/modules/ext/jaxb/api/jaxb-api.jar:/usr/lib/apache-netbeans/ide/modules/ext/jaxb/activation.jar:/usr/lib/apache-netbeans/ide/modules/ext/jaxb/jaxb-impl.jar:/usr/lib/apache-netbeans/ide/modules/ext/jaxb/jaxb-xjc.jar" />
    <property name="dist.jlink.output" value="dist/jlink/PW2" />
    <property name="truffle.UseFallbackRuntime" value="true" />
    <property name="compile.on.save" value="true" />
    <property name="user.language" value="en" />
    <property name="testng.mode" value="testng" />
    <property name="libs.JAXB-ENDORSED.maven-pom" value="" />
    <property name="libs.eclipselink.maven-pom" value="" />
    <property name="org.netbeans.io.suspend" value="0" />
    <property name="application.vendor" value="vlada" />
    <property name="test.binaryincludes" value="&lt;nothing&gt;" />
    <property name="manifest.available" value="true" />
    <property name="libs.primefaces.javadoc" value="" />
    <property name="libs.jakartaee-web-api-10.0.maven-pom" value="" />
    <property name="run.test.classpath" value=":build/classes:/usr/lib/apache-netbeans/platform/modules/ext/junit-4.13.2.jar:/usr/lib/apache-netbeans/platform/modules/ext/hamcrest-core-1.3.jar:build/test/classes" />
    <property name="ant.project.invoked-targets" value="test" />
    <property name="test.binaryexcludes" value="" />
    <property name="sun.java2d.dpiaware" value="true" />
    <property name="ant.file.PW2" value="/home/vlada/NetBeansProjects/PW2/build.xml" />
    <property name="https.nonProxyHosts" value="localhost|127.0.0.1|nbunix" />
    <property name="libs.PostgreSQLDriver.maven-pom" value="" />
    <property name="java.class.version" value="52.0" />
    <property name="libs.javaee-endorsed-api-6.0.src" value="" />
    <property name="libs.eclipselink.javadoc" value="/usr/lib/apache-netbeans/java/modules/ext/docs/jakarta.persistence-2.2.3-doc.zip" />
    <property name="platforms.JDK_1.8.compiler" value="modern" />
    <property name="libs.jsp-compilation.maven-pom" value="" />
    <property name="user.properties.file" value="/home/vlada/.netbeans/24/build.properties" />
    <property name="runtime.encoding" value="UTF-8" />
    <property name="file.encoding.pkg" value="sun.io" />
    <property name="sun.cpu.endian" value="little" />
    <property name="libs.JAXB-ENDORSED.javadoc" value="" />
    <property name="libs.JWSAntTasks.classpath" value="/usr/lib/apache-netbeans/java/ant/extra/org-netbeans-modules-javawebstart-anttasks.jar" />
    <property name="libs.jstl.src" value="" />
    <property name="org.apache.commons.logging.LogFactory" value="org.apache.commons.logging.impl.LogFactoryImpl" />
    <property name="empty.dir" value="/home/vlada/NetBeansProjects/PW2/build/empty" />
    <property name="test.binarytestincludes" value="" />
    <property name="javadoc.preview" value="true" />
    <property name="libs.jpa20-persistence.javadoc" value="/usr/lib/apache-netbeans/java/modules/ext/docs/jakarta.persistence-2.2.3-doc.zip" />
    <property name="java.home" value="/usr/lib/jvm/jdk1.8.0_441/jre" />
    <property name="libs.jsp-compilation.src" value="" />
    <property name="libs.jakartaee-web-api-8.0.javadoc" value="/usr/lib/apache-netbeans/enterprise/docs/jakartaee8-doc-api.jar" />
    <property name="debug.test.classpath" value=":build/classes:/usr/lib/apache-netbeans/platform/modules/ext/junit-4.13.2.jar:/usr/lib/apache-netbeans/platform/modules/ext/hamcrest-core-1.3.jar:build/test/classes" />
    <property name="libs.javaee-endorsed-api-6.0.classpath" value="/usr/lib/apache-netbeans/enterprise/modules/ext/javaee6-endorsed/javax.annotation.jar:/usr/lib/apache-netbeans/enterprise/modules/ext/javaee6-endorsed/jaxb-api-osgi.jar:/usr/lib/apache-netbeans/enterprise/modules/ext/javaee6-endorsed/webservices-api-osgi.jar" />
    <property name="libs.javaee-api-6.0.src" value="" />
    <property name="netbeans.importclass" value="org.netbeans.upgrade.AutoUpgrade" />
    <property name="ant.project.default-target" value="default" />
    <property name="annotation.processing.run.all.processors" value="true" />
    <property name="jna.nosys" value="false" />
    <property name="libs.jakartaee-web-api-11.0.src" value="" />
    <property name="libs.jakartaee-web-api-10.0.javadoc" value="/usr/lib/apache-netbeans/enterprise/docs/jakartaee10-doc-api.jar" />
    <property name="libs.PostgreSQLDriver.javadoc" value="" />
    <property name="libs.restlib.classpath" value="/usr/lib/apache-netbeans/enterprise/modules/ext/jersey2/jakarta.annotation-api-2.1.1.jar:/usr/lib/apache-netbeans/enterprise/modules/ext/jersey2/jakarta.persistence-api-2.2.3.jar:/usr/lib/apache-netbeans/enterprise/modules/ext/jersey2/jakarta.servlet-api-4.0.4.jar:/usr/lib/apache-netbeans/enterprise/modules/ext/jersey2/jakarta.validation-api-2.0.2.jar:/usr/lib/apache-netbeans/enterprise/modules/ext/jersey2/jakarta.xml.bind-api-2.3.3.jar:/usr/lib/apache-netbeans/enterprise/modules/ext/jersey2/jersey-client-2.35.jar:/usr/lib/apache-netbeans/enterprise/modules/ext/jersey2/jersey-common-2.35.jar:/usr/lib/apache-netbeans/enterprise/modules/ext/jersey2/jersey-server-2.35.jar:/usr/lib/apache-netbeans/enterprise/modules/ext/jersey2/jersey-entity-filtering-2.35.jar:/usr/lib/apache-netbeans/enterprise/modules/ext/jersey2/jersey-hk2-2.35.jar:/usr/lib/apache-netbeans/enterprise/modules/ext/jersey2/jersey-media-moxy-2.35.jar:/usr/lib/apache-netbeans/enterprise/modules/ext/jersey2/jersey-container-servlet-2.35.jar:/usr/lib/apache-netbeans/enterprise/modules/ext/jersey2/jersey-container-servlet-core-2.35.jar:/usr/lib/apache-netbeans/enterprise/modules/ext/jersey2/hk2-api-2.6.1.jar:/usr/lib/apache-netbeans/enterprise/modules/ext/jersey2/hk2-locator-2.6.1.jar:/usr/lib/apache-netbeans/enterprise/modules/ext/jersey2/hk2-utils-2.6.1.jar:/usr/lib/apache-netbeans/platform/modules/ext/jersey2/jakarta.inject-2.6.1.jar:/usr/lib/apache-netbeans/enterprise/modules/ext/jersey2/aopalliance-repackaged-2.6.1.jar:/usr/lib/apache-netbeans/enterprise/modules/ext/jersey2/osgi.core-8.0.0.jar:/usr/lib/apache-netbeans/enterprise/modules/ext/jersey2/osgi-resource-locator-1.0.3.jar:/usr/lib/apache-netbeans/java/modules/ext/eclipselink/org.eclipse.persistence.core-2.7.12.jar:/usr/lib/apache-netbeans/java/modules/ext/eclipselink/org.eclipse.persistence.asm-9.4.0.jar:/usr/lib/apache-netbeans/java/modules/ext/eclipselink/org.eclipse.persistence.antlr-2.7.12.jar:/usr/lib/apache-netbeans/java/modules/ext/eclipselink/org.eclipse.persistence.jpa-2.7.12.jar:/usr/lib/apache-netbeans/java/modules/ext/eclipselink/org.eclipse.persistence.jpa.jpql-2.7.12.jar:/usr/lib/apache-netbeans/java/modules/ext/eclipselink/org.eclipse.persistence.moxy-2.7.12.jar" />
    <property name="netbeans.extbrowser.manual_chrome_plugin_install" value="yes" />
    <property name="libs.jakartaee-api-9.0.classpath" value="/usr/lib/apache-netbeans/enterprise/modules/ext/jakarta.jakartaee-api-9.0.0.jar" />
    <property name="http.nonProxyHosts" value="localhost|127.0.0.1|nbunix" />
    <property name="libs.junit_4.javadoc" value="/usr/lib/apache-netbeans/platform/docs/junit-4.13.2-javadoc.jar" />
    <property name="platforms.JDK_1.8.bootclasspath" value="/usr/lib/jvm/jdk1.8.0_441/jre/lib/resources.jar:/usr/lib/jvm/jdk1.8.0_441/jre/lib/rt.jar:/usr/lib/jvm/jdk1.8.0_441/jre/lib/jsse.jar:/usr/lib/jvm/jdk1.8.0_441/jre/lib/jce.jar:/usr/lib/jvm/jdk1.8.0_441/jre/lib/charsets.jar:/usr/lib/jvm/jdk1.8.0_441/jre/lib/jfr.jar:/usr/lib/jvm/jdk1.8.0_441/jre/classes:/usr/lib/jvm/jdk1.8.0_441/jre/lib/ext/dnsns.jar:/usr/lib/jvm/jdk1.8.0_441/jre/lib/ext/jaccess.jar:/usr/lib/jvm/jdk1.8.0_441/jre/lib/ext/sunec.jar:/usr/lib/jvm/jdk1.8.0_441/jre/lib/ext/jfxrt.jar:/usr/lib/jvm/jdk1.8.0_441/jre/lib/ext/sunjce_provider.jar:/usr/lib/jvm/jdk1.8.0_441/jre/lib/ext/nashorn.jar:/usr/lib/jvm/jdk1.8.0_441/jre/lib/ext/sunpkcs11.jar:/usr/lib/jvm/jdk1.8.0_441/jre/lib/ext/localedata.jar:/usr/lib/jvm/jdk1.8.0_441/jre/lib/ext/cldrdata.jar:/usr/lib/jvm/jdk1.8.0_441/jre/lib/ext/zipfs.jar" />
    <property name="javac.test.modulepath" value="" />
    <property name="libs.javaee-web-api-6.0.maven-pom" value="" />
    <property name="run.classpath" value=":build/classes" />
    <property name="jna.boot.library.name" value="jnidispatch-nb" />
    <property name="libs.javaee-endorsed-api-6.0.javadoc" value="/usr/lib/apache-netbeans/enterprise/docs/javaee-doc-api.jar" />
    <property name="libs.javaee-api-7.0.classpath" value="/usr/lib/apache-netbeans/enterprise/modules/ext/javaee-api-7.0.jar" />
    <property name="sun.awt.datatransfer.timeout" value="1000" />
    <property name="libs.jakartaee-api-9.0.src" value="" />
    <property name="annotation.processing.enabled.in.editor" value="false" />
    <property name="libs.jakartaee-api-11.0.javadoc" value="/usr/lib/apache-netbeans/enterprise/docs/jakartaee11-doc-api.jar" />
    <property name="nb.native.filechooser" value="false" />
    <property name="libs.restapi.src" value="" />
    <property name="sun.management.compiler" value="HotSpot 64-Bit Tiered Compilers" />
    <property name="javac.deprecation" value="false" />
    <property name="javadoc.use" value="true" />
    <property name="sun.java2d.noddraw" value="true" />
    <property name="libs.jsp-compiler.classpath" value="/usr/lib/apache-netbeans/enterprise/ant/extra/jspcompile.jar" />
    <property name="javac.processorpath" value="" />
    <property name="libs.hamcrest.maven-pom" value="" />
    <property name="libs.junit_5.classpath" value="/usr/lib/apache-netbeans/platform/modules/ext/junit-jupiter-api-5.10.3.jar:/usr/lib/apache-netbeans/platform/modules/ext/junit-jupiter-params-5.10.3.jar:/usr/lib/apache-netbeans/platform/modules/ext/junit-jupiter-engine-5.10.3.jar" />
    <property name="javac.compilerargs" value="" />
    <property name="ant.file" value="/home/vlada/NetBeansProjects/PW2/build.xml" />
    <property name="libs.jstl.maven-pom" value="" />
    <property name="libs.restapi.maven-pom" value="" />
    <property name="java.vm.specification.vendor" value="Oracle Corporation" />
    <property name="org.openide.major.version" value="IDE/1" />
    <property name="java.vm.name" value="Java HotSpot(TM) 64-Bit Server VM" />
    <property name="netbeans.user" value="/home/vlada/.netbeans/24" />
    <property name="javadoc.additionalparam" value="" />
    <property name="java.io.tmpdir" value="/tmp" />
    <property name="java.vendor.url" value="http://java.oracle.com/" />
    <property name="endorsed.classpath.cmd.line.arg" value="" />
    <property name="jna.loaded" value="true" />
    <property name="junit.available" value="true" />
    <property name="libs.javaee-web-api-8.0.classpath" value="/usr/lib/apache-netbeans/enterprise/modules/ext/javaee-web-api-8.0.jar" />
    <property name="do.jlink" value="false" />
    <property name="libs.jakartaee-api-9.0.javadoc" value="/usr/lib/apache-netbeans/enterprise/docs/jakartaee9-doc-api.jar" />
    <property name="libs.jsp-compiler.src" value="" />
    <property name="libs.jakartaee-web-api-9.0.classpath" value="/usr/lib/apache-netbeans/enterprise/modules/ext/jakarta.jakartaee-web-api-9.0.0.jar" />
    <property name="sun.boot.library.path" value="/usr/lib/jvm/jdk1.8.0_441/jre/lib/amd64" />
    <property name="have.sources" value="true" />
    <property name="libs.graaljs.classpath" value="/usr/lib/apache-netbeans/webcommon/modules/ext/js-launcher-24.0.0.jar:/usr/lib/apache-netbeans/webcommon/modules/ext/js-language-24.0.0.jar:/usr/lib/apache-netbeans/webcommon/modules/ext/js-scriptengine-24.0.0.jar:/usr/lib/apache-netbeans/webcommon/modules/ext/regex-24.0.0.jar:/usr/lib/apache-netbeans/webcommon/modules/ext/icu4j-24.0.0.jar:/usr/lib/apache-netbeans/ide/modules/ext/collections-24.0.0.jar:/usr/lib/apache-netbeans/ide/modules/ext/jline-24.0.0.jar:/usr/lib/apache-netbeans/ide/modules/ext/jniutils-24.0.0.jar:/usr/lib/apache-netbeans/ide/modules/ext/launcher-common-24.0.0.jar:/usr/lib/apache-netbeans/ide/modules/ext/nativeimage-24.0.0.jar:/usr/lib/apache-netbeans/ide/modules/ext/polyglot-24.0.0.jar:/usr/lib/apache-netbeans/ide/modules/ext/word-24.0.0.jar:/usr/lib/apache-netbeans/ide/modules/ext/truffle-api-24.0.0.jar:/usr/lib/apache-netbeans/ide/modules/ext/truffle-compiler-24.0.0.jar:/usr/lib/apache-netbeans/ide/modules/ext/truffle-runtime-24.0.0.jar" />
    <property name="libs.hamcrest.javadoc" value="" />
    <property name="debug.classpath" value=":build/classes" />
    <property name="javac.external.vm" value="true" />
    <property name="javadoc.private" value="false" />
    <property name="libs.jakartaee-api-8.0.src" value="" />
    <property name="test.src.dir" value="test" />
    <property name="libs.jakartaee-web-api-9.0.src" value="" />
    <property name="libs.jsf20.classpath" value="/usr/lib/apache-netbeans/enterprise/modules/ext/jsf-2_2/javax.faces.jar" />
    <property name="java.vendor.version" value="Temurin-21.0.6+7" />
    <property name="ap.processors.internal" value="" />
    <property name="dist.jlink.dir" value="dist/jlink" />
    <property name="libs.javaee-api-8.0.javadoc" value="/usr/lib/apache-netbeans/enterprise/docs/javaee-doc-api.jar" />
    <property name="meta.inf.dir" value="src/META-INF" />
    <property name="javadoc.encoding.used" value="UTF-8" />
    <property name="libs.jakartaee-web-api-11.0.maven-pom" value="" />
    <property name="dist.jar" value="dist/PW2.jar" />
    <property name="java.runtime.name" value="Java(TM) SE Runtime Environment" />
    <property name="debug.test.modulepath" value="" />
    <property name="ant.project.name" value="PW2" />
    <property name="libs.spring-webmvc5.0.src" value="" />
    <property name="flatlaf.updateUIOnSystemFontChange" value="false" />
    <property name="netbeans.hash.code" value="unique=047b2df60-37c5-46dc-8f72-935cbe198809_161b34db-7125-4127-aec6-03ed5974a3ba" />
    <property name="netbeans.default_userdir_root" value="/home/vlada/.netbeans" />
    <property name="libs.jsp-compilation-syscp.maven-pom" value="" />
    <property name="platform.javadoc" value="/usr/lib/jvm/jdk1.8.0_441/bin/javadoc" />
    <property name="platform.javadoc.tmp" value="${platforms.JDK_1.8.javadoc}" />
    <property name="sun.cpu.isalist" value="" />
    <property name="libs.jakartaee-web-api-8.0.classpath" value="/usr/lib/apache-netbeans/enterprise/modules/ext/jakarta.jakartaee-web-api-8.0.0.jar" />
    <property name="libs.CopyLibs.javadoc" value="" />
    <property name="platform.compiler" value="${platforms.JDK_1.8.compile}" />
    <property name="libs.jakartaee-api-8.0.maven-pom" value="" />
    <property name="javadoc.html5" value="false" />
    <property name="org.openide.specification.version" value="6.2" />
    <property name="user.home" value="/home/vlada" />
    <property name="annotation.processing.processors.list" value="" />
    <property name="libs.primefaces.maven-pom" value="" />
    <property name="libs.javaee-api-6.0.maven-pom" value="" />
    <property name="platform.javac.tmp" value="${platforms.JDK_1.8.javac}" />
    <property name="libs.JWSAntTasks.src" value="" />
    <property name="jar.index" value="false" />
    <property name="libs.CopyLibs.maven-pom" value="" />
    <property name="libs.absolutelayout.javadoc" value="" />
    <property name="guice.disable.misplaced.annotation.check" value="true" />
    <property name="java.specification.name" value="Java Platform API Specification" />
    <property name="jlink.strip" value="false" />
    <property name="libs.spring-webmvc5.0.maven-pom" value="" />
    <property name="java.specification.vendor" value="Oracle Corporation" />
    <property name="java.version" value="1.8.0_441" />
    <property name="run.jvmargs.ide" value="" />
    <property name="javadoc.version" value="false" />
    <property name="javac.processormodulepath" value="" />
    <property name="org.openide.version" value="deprecated" />
    <property name="stderr.encoding" value="UTF-8" />
    <property name="source.encoding" value="UTF-8" />
    <property name="platform.java" value="/usr/lib/jvm/jdk1.8.0_441/bin/java" />
    <property name="java.vm.compressedOopsMode" value="Zero based" />
    <property name="ap.cmd.line.internal" value="" />
    <property name="libs.eclipselinkmodelgen.maven-pom" value="" />
    <property name="libs.jsp-compilation-syscp.javadoc" value="" />
    <property name="libs.javaee-web-api-8.0.src" value="" />
    <property name="libs.eclipselinkmodelgen.javadoc" value="" />
    <property name="libs.javaee-endorsed-api-7.0.classpath" value="/usr/lib/apache-netbeans/enterprise/modules/ext/javaee7-endorsed/javax.annotation-api.jar:/usr/lib/apache-netbeans/enterprise/modules/ext/javaee7-endorsed/javax.xml.soap-api.jar:/usr/lib/apache-netbeans/enterprise/modules/ext/javaee7-endorsed/jaxb-api-osgi.jar:/usr/lib/apache-netbeans/enterprise/modules/ext/javaee7-endorsed/jaxws-api.jar:/usr/lib/apache-netbeans/enterprise/modules/ext/javaee7-endorsed/jsr181-api.jar" />
    <property name="ant.file.type.PW2-impl" value="file" />
    <property name="libs.metro.javadoc" value="/usr/lib/apache-netbeans/enterprise/docs/webservices-api-javadoc.jar:/usr/lib/apache-netbeans/enterprise/docs/webservices-extra-javadoc.jar:/usr/lib/apache-netbeans/enterprise/docs/webservices-extra-api-javadoc.jar:/usr/lib/apache-netbeans/enterprise/docs/webservices-rt-javadoc.jar:/usr/lib/apache-netbeans/enterprise/docs/webservices-tools-javadoc.jar" />
    <property name="netbeans.home+have.tests" value="true" />
    <property name="ant.file.PW2-impl" value="/home/vlada/NetBeansProjects/PW2/nbproject/build-impl.xml" />
    <property name="annotation.processing.processor.options" value="" />
    <property name="libs.testng.maven-pom" value="" />
    <property name="libs.jaxb.src" value="" />
    <property name="work.dir" value="/home/vlada/NetBeansProjects/PW2" />
    <property name="libs.jaxb.classpath" value="/usr/lib/apache-netbeans/ide/modules/ext/jaxb/jaxb-impl.jar:/usr/lib/apache-netbeans/ide/modules/ext/jaxb/jaxb-xjc.jar:/usr/lib/apache-netbeans/ide/modules/ext/jaxb/activation.jar:/usr/lib/apache-netbeans/ide/modules/ext/jaxb/api/jaxb-api.jar" />
    <property name="org.apache.commons.logging.Log" value="org.apache.commons.logging.impl.Jdk14Logger" />
    <property name="php.global.include.path" value="" />
    <property name="libs.jakartaee-api-10.0.maven-pom" value="" />
    <property name="do.depend" value="false" />
    <property name="dist.javadoc.dir" value="dist/javadoc" />
    <property name="libs.javaee-web-api-7.0.maven-pom" value="" />
    <property name="libs.restlib.src" value="" />
    <property name="build.generated.dir" value="build/generated" />
    <property name="javac.source" value="1.8" />
    <property name="java.version.date" value="2025-01-21" />
    <property name="ant.file.type.PW2" value="file" />
    <property name="line.separator" value="&#xa;" />
    <property name="libs.javaee-api-8.0.classpath" value="/usr/lib/apache-netbeans/enterprise/modules/ext/javaee-api-8.0.jar" />
    <property name="java.specification.version" value="1.8" />
    <property name="libs.jaxws21.maven-pom" value="" />
    <property name="java.vm.info" value="mixed mode" />
    <property name="nb.junit.batch" value="true" />
    <property name="junit.forkmode" value="perTest" />
    <property name="platform.java.tmp" value="${platforms.JDK_1.8.java}" />
    <property name="sun.boot.class.path" value="/usr/lib/jvm/jdk1.8.0_441/jre/lib/resources.jar:/usr/lib/jvm/jdk1.8.0_441/jre/lib/rt.jar:/usr/lib/jvm/jdk1.8.0_441/jre/lib/jsse.jar:/usr/lib/jvm/jdk1.8.0_441/jre/lib/jce.jar:/usr/lib/jvm/jdk1.8.0_441/jre/lib/charsets.jar:/usr/lib/jvm/jdk1.8.0_441/jre/lib/jfr.jar:/usr/lib/jvm/jdk1.8.0_441/jre/classes" />
    <property name="javac.target" value="1.8" />
    <property name="built-jar.properties" value="/home/vlada/NetBeansProjects/PW2/build/built-jar.properties" />
    <property name="build.test.classes.dir" value="build/test/classes" />
    <property name="src.dir" value="src" />
    <property name="javac.test.compilerargs" value="" />
    <property name="annotation.processing.enabled" value="true" />
    <property name="polyglot.engine.WarnInterpreterOnly" value="false" />
    <property name="libs.jsf20.src" value="" />
    <property name="libs.jpa20-persistence.src" value="" />
    <property name="ignore.failing.tests" value="true" />
    <property name="libs.javaee-web-api-7.0.src" value="" />
    <property name="libs.primefaces.src" value="" />
    <property name="libs.jakartaee-api-11.0.src" value="" />
    <property name="dist.dir" value="dist" />
    <property name="libs.groovy-all.javadoc" value="" />
    <property name="jlink.launcher" value="true" />
    <property name="testng.debug.mode" value="" />
    <property name="jlink.additionalparam" value="" />
    <property name="libs.groovy-all.classpath" value="/usr/lib/apache-netbeans/groovy/modules/ext/groovy-3.0.8.jar:/usr/lib/apache-netbeans/groovy/modules/ext/groovy-ant-3.0.8.jar" />
    <property name="java.awt.printerjob" value="sun.print.PSPrinterJob" />
    <property name="default.javac.source" value="21" />
    <property name="debug-transport-by-os" value="dt_socket" />
    <property name="sun.jnu.encoding" value="UTF-8" />
    <property name="run.test.jvmargs" value="" />
    <property name="java.runtime.version" value="1.8.0_441-b07" />
    <property name="build.test.results.dir" value="build/test/results" />
    <property name="libs.jakartaee-api-10.0.javadoc" value="/usr/lib/apache-netbeans/enterprise/docs/jakartaee10-doc-api.jar" />
    <property name="jna.platform.library.path" value="/usr/lib/x86_64-linux-gnu:/lib/x86_64-linux-gnu:/usr/lib64:/lib64:/usr/lib:/lib:/usr/lib/x86_64-linux-gnu/libfakeroot:/usr/lib/x86_64-linux-gnu/fakechroot" />
    <property name="default.javac.target" value="21" />
    <property name="libs.junit_4.classpath" value="/usr/lib/apache-netbeans/platform/modules/ext/junit-4.13.2.jar" />
    <property name="user.timezone" value="" />
    <property name="flatlaf.nativeLibraryPath" value="system" />
    <property name="nb.junit.single" value="false" />
    <property name="do.jar" value="true" />
    <property name="libs.jakartaee-web-api-10.0.src" value="" />
    <property name="libs.javaee-endorsed-api-6.0.maven-pom" value="" />
    <property name="netbeans.dirs" value="/usr/lib/apache-netbeans/nb:/usr/lib/apache-netbeans/ergonomics:/usr/lib/apache-netbeans/ide:/usr/lib/apache-netbeans/extide:/usr/lib/apache-netbeans/java:/usr/lib/apache-netbeans/apisupport:/usr/lib/apache-netbeans/webcommon:/usr/lib/apache-netbeans/websvccommon:/usr/lib/apache-netbeans/enterprise:/usr/lib/apache-netbeans/mobility:/usr/lib/apache-netbeans/profiler:/usr/lib/apache-netbeans/python:/usr/lib/apache-netbeans/php:/usr/lib/apache-netbeans/identity:/usr/lib/apache-netbeans/harness:/usr/lib/apache-netbeans/cnd:/usr/lib/apache-netbeans/cndext:/usr/lib/apache-netbeans/cpplite:/usr/lib/apache-netbeans/dlight:/usr/lib/apache-netbeans/groovy:/usr/lib/apache-netbeans/extra:/usr/lib/apache-netbeans/javacard:/usr/lib/apache-netbeans/javafx:/usr/lib/apache-netbeans/rust:" />
    <property name="libs.spring-framework500.maven-pom" value="" />
    <property name="libs.jstl.javadoc" value="/usr/lib/apache-netbeans/enterprise/docs/javaee-doc-api.jar" />
    <property name="libs.jsf20.javadoc" value="/usr/lib/apache-netbeans/enterprise/docs/javaee-doc-api.jar" />
    <property name="java.ext.dirs" value="/usr/lib/jvm/jdk1.8.0_441/jre/lib/ext:/usr/java/packages/lib/ext" />
    <property name="libs.metro.src" value="" />
    <property name="endorsed.classpath" value="" />
    <property name="libs.absolutelayout.classpath" value="/usr/lib/apache-netbeans/java/modules/ext/AbsoluteLayout.jar" />
    <property name="excludes" value="" />
    <property name="libs.restlib.maven-pom" value="" />
    <property name="libs.metro.classpath" value="/usr/lib/apache-netbeans/ide/modules/ext/jaxb/activation.jar:/usr/lib/apache-netbeans/enterprise/modules/ext/metro/webservices-api.jar:/usr/lib/apache-netbeans/enterprise/modules/ext/metro/webservices-extra-api.jar:/usr/lib/apache-netbeans/enterprise/modules/ext/metro/webservices-extra.jar:/usr/lib/apache-netbeans/enterprise/modules/ext/metro/webservices-rt.jar:/usr/lib/apache-netbeans/enterprise/modules/ext/metro/webservices-tools.jar" />
    <property name="java.class.path" value="/home/vlada/NetBeansProjects/PW2/build/classes:/usr/lib/apache-netbeans/platform/modules/ext/junit-4.13.2.jar:/usr/lib/apache-netbeans/platform/modules/ext/hamcrest-core-1.3.jar:/home/vlada/NetBeansProjects/PW2/build/test/classes:/usr/lib/apache-netbeans/extide/ant/lib/ant-launcher.jar:/usr/lib/apache-netbeans/extide/ant/lib/ant.jar:/usr/lib/apache-netbeans/extide/ant/lib/ant-junit.jar:/usr/lib/apache-netbeans/extide/ant/lib/ant-junit4.jar" />
    <property name="apple.laf.useScreenMenuBar" value="true" />
    <property name="libs.absolutelayout.src" value="" />
    <property name="libs.jpa20-persistence.classpath" value="/usr/lib/apache-netbeans/java/modules/ext/eclipselink/jakarta.persistence-2.2.3.jar" />
    <property name="libs.jakartaee-api-9.0.maven-pom" value="" />
    <property name="libs.junit_5.javadoc" value="/usr/lib/apache-netbeans/platform/docs/junit-jupiter-api-5.10.3-javadoc.jar:/usr/lib/apache-netbeans/platform/docs/junit-jupiter-params-5.10.3-javadoc.jar:/usr/lib/apache-netbeans/platform/docs/junit-jupiter-engine-5.10.3-javadoc.jar" />
    <property name="libs.spring-framework500.src" value="" />
    <property name="os.version" value="6.1.0-18-amd64" />
    <property name="application.args" value="" />
    <property name="libs.jakartaee-api-8.0.javadoc" value="/usr/lib/apache-netbeans/enterprise/docs/jakartaee8-doc-api.jar" />
    <property name="libs.javaee-api-7.0.maven-pom" value="" />
    <property name="sun.awt.enableExtraMouseButtons" value="true" />
    <property name="jlink.launcher.name" value="PW2" />
    <property name="stdout.encoding" value="UTF-8" />
    <property name="libs.restlib.javadoc" value="" />
    <property name="run.test.modulepath" value="" />
    <property name="nb.internal.action.name" value="test" />
    <property name="libs.JAXB-ENDORSED.classpath" value="/usr/lib/apache-netbeans/ide/modules/ext/jaxb/api/jaxb-api.jar" />
    <property name="libs.eclipselink.classpath" value="/usr/lib/apache-netbeans/java/modules/ext/eclipselink/org.eclipse.persistence.core-2.7.12.jar:/usr/lib/apache-netbeans/java/modules/ext/eclipselink/org.eclipse.persistence.asm-9.4.0.jar:/usr/lib/apache-netbeans/java/modules/ext/eclipselink/org.eclipse.persistence.antlr-2.7.12.jar:/usr/lib/apache-netbeans/java/modules/ext/eclipselink/org.eclipse.persistence.jpa-2.7.12.jar:/usr/lib/apache-netbeans/java/modules/ext/eclipselink/org.eclipse.persistence.jpa.jpql-2.7.12.jar:/usr/lib/apache-netbeans/java/modules/ext/eclipselink/org.eclipse.persistence.moxy-2.7.12.jar:/usr/lib/apache-netbeans/java/modules/ext/eclipselink/jakarta.persistence-2.2.3.jar" />
    <property name="libs.javaee-api-7.0.javadoc" value="/usr/lib/apache-netbeans/enterprise/docs/javaee-doc-api.jar" />
    <property name="java.awt.graphicsenv" value="sun.awt.X11GraphicsEnvironment" />
    <property name="java.vm.vendor" value="Oracle Corporation" />
    <property name="libs.CopyLibs.classpath" value="/usr/lib/apache-netbeans/java/ant/extra/org-netbeans-modules-java-j2seproject-copylibstask.jar" />
    <property name="libs.jakartaee-web-api-10.0.classpath" value="/usr/lib/apache-netbeans/enterprise/modules/ext/jakarta.jakartaee-web-api-10.0.0.jar" />
    <property name="libs.javaee-api-8.0.src" value="" />
    <property name="libs.jsp-compiler.maven-pom" value="" />
    <property name="libs.junit_5.maven-pom" value="" />
    <property name="libs.hamcrest.src" value="" />
    <property name="run.jvmargs" value="" />
    <property name="dist.archive.excludes" value="" />
    <property name="libs.JAXB-ENDORSED.src" value="" />
    <property name="libs.testng.javadoc" value="/usr/lib/apache-netbeans/platform/docs/testng-6.13.1-javadoc.jar" />
    <property name="platforms.JDK_1.8.home" value="/usr/lib/jvm/jdk1.8.0_441" />
    <property name="libs.PostgreSQLDriver.classpath" value="/usr/lib/apache-netbeans/ide/modules/ext/postgresql-42.5.4.jar" />
    <property name="native.encoding" value="UTF-8" />
    <property name="annotation.processing.source.output" value="build/generated-sources/ap-source-output" />
    <property name="main.class" value="" />
    <property name="build.dir" value="build" />
    <property name="libs.CopyLibs.src" value="" />
    <property name="libs.jsp-compilation.classpath" value="/usr/lib/apache-netbeans/extide/ant/lib/ant.jar:/usr/lib/apache-netbeans/enterprise/modules/ext/servlet4.0-jsp2.3-api.jar:/usr/lib/apache-netbeans/enterprise/modules/ext/glassfish-jspparser-5.1.0.jar:/usr/lib/apache-netbeans/enterprise/modules/ext/jsf-2_2/javax.faces.jar:/usr/lib/apache-netbeans/enterprise/modules/ext/jstl-api.jar:/usr/lib/apache-netbeans/extide/ant/lib/ant-launcher.jar" />
    <property name="debug.modulepath" value="" />
    <property name="libs.javaee-web-api-8.0.javadoc" value="/usr/lib/apache-netbeans/enterprise/docs/javaee-doc-api.jar" />
    <property name="ant.version" value="Apache Ant(TM) version 1.10.14 compiled on August 16 2023" />
    <property name="libs.jakartaee-api-11.0.maven-pom" value="" />
    <property name="build.classes.excludes" value="**/*.java,**/*.form" />
    <property name="file.encoding" value="UTF-8" />
    <property name="javadoc.nonavbar" value="false" />
    <property name="platform.active" value="JDK_1.8" />
    <property name="libs.javaee-web-api-8.0.maven-pom" value="" />
    <property name="awt.toolkit" value="sun.awt.X11.XToolkit" />
    <property name="libs.javaee-web-api-7.0.javadoc" value="/usr/lib/apache-netbeans/enterprise/docs/javaee-doc-api.jar" />
  </properties>
  <testcase classname="circle.CircleMethodTest" name="testR10" time="0.008" />
  <testcase classname="circle.CircleMethodTest" name="testR11" time="0.0" />
  <testcase classname="circle.CircleMethodTest" name="testR15" time="0.001" />
  <testcase classname="circle.CircleMethodTest" name="testR16" time="0.0" />
  <testcase classname="circle.CircleMethodTest" name="testR17" time="0.0" />
  <testcase classname="circle.CircleMethodTest" name="testR18" time="0.001" />
  <testcase classname="circle.CircleMethodTest" name="testR1" time="0.0" />
  <testcase classname="circle.CircleMethodTest" name="testR2" time="0.0" />
  <testcase classname="circle.CircleMethodTest" name="testR3" time="0.0" />
  <testcase classname="circle.CircleMethodTest" name="testR4" time="0.0" />
  <testcase classname="circle.CircleMethodTest" name="testR5" time="0.001" />
  <testcase classname="circle.CircleMethodTest" name="testR8" time="0.0" />
  <testcase classname="circle.CircleMethodTest" name="testR9" time="0.0" />
  <testcase classname="circle.CircleMethodTest" name="testR6Values" time="0.0" />
  <system-out><![CDATA[]]></system-out>
  <system-err><![CDATA[]]></system-err>
</testsuite>
